<?xml version="1.0" encoding="UTF-8"?>
<testng-results ignored="0" total="2" passed="1" failed="1" skipped="0">
  <reporter-output>
  </reporter-output>
  <suite started-at="2024-04-28T11:37:32 IST" name="Default suite" finished-at="2024-04-28T11:38:01 IST" duration-ms="29014">
    <groups>
    </groups>
    <test started-at="2024-04-28T11:37:32 IST" name="Default test" finished-at="2024-04-28T11:38:01 IST" duration-ms="29014">
      <class name="ecomm_TestSuite.MyAccountTestSuite">
        <test-method is-config="true" signature="initBrowser()[pri:0, instance:ecomm_TestSuite.MyAccountTestSuite@2b91004a]" started-at="2024-04-28T11:37:27 IST" name="initBrowser" finished-at="2024-04-28T11:37:32 IST" duration-ms="5174" status="PASS">
          <reporter-output>
          </reporter-output>
        </test-method> <!-- initBrowser -->
        <test-method is-config="true" signature="initObjects()[pri:0, instance:ecomm_TestSuite.MyAccountTestSuite@2b91004a]" started-at="2024-04-28T11:37:32 IST" name="initObjects" finished-at="2024-04-28T11:37:32 IST" duration-ms="29" status="PASS">
          <reporter-output>
          </reporter-output>
        </test-method> <!-- initObjects -->
        <test-method is-config="true" signature="login()[pri:0, instance:ecomm_TestSuite.MyAccountTestSuite@2b91004a]" started-at="2024-04-28T11:37:32 IST" name="login" finished-at="2024-04-28T11:37:37 IST" duration-ms="4935" status="PASS">
          <reporter-output>
          </reporter-output>
        </test-method> <!-- login -->
        <test-method signature="tc_4567_EditAccountTest()[pri:0, instance:ecomm_TestSuite.MyAccountTestSuite@2b91004a]" started-at="2024-04-28T11:37:37 IST" name="tc_4567_EditAccountTest" finished-at="2024-04-28T11:37:48 IST" duration-ms="11346" status="FAIL">
          <exception class="java.lang.AssertionError">
            <message>
              <![CDATA[expected [true] but found [false]]]>
            </message>
            <full-stacktrace>
              <![CDATA[java.lang.AssertionError: expected [true] but found [false]
at org.testng.Assert.fail(Assert.java:99)
at org.testng.Assert.failNotEquals(Assert.java:1037)
at org.testng.Assert.assertTrue(Assert.java:45)
at org.testng.Assert.assertTrue(Assert.java:55)
at ecomm_TestSuite.MyAccountTestSuite.tc_4567_EditAccountTest(MyAccountTestSuite.java:16)
at java.base/jdk.internal.reflect.NativeMethodAccessorImpl.invoke0(Native Method)
at java.base/jdk.internal.reflect.NativeMethodAccessorImpl.invoke(NativeMethodAccessorImpl.java:77)
at java.base/jdk.internal.reflect.DelegatingMethodAccessorImpl.invoke(DelegatingMethodAccessorImpl.java:43)
at java.base/java.lang.reflect.Method.invoke(Method.java:568)
at org.testng.internal.MethodInvocationHelper.invokeMethod(MethodInvocationHelper.java:133)
at org.testng.internal.TestInvoker.invokeMethod(TestInvoker.java:598)
at org.testng.internal.TestInvoker.invokeTestMethod(TestInvoker.java:173)
at org.testng.internal.MethodRunner.runInSequence(MethodRunner.java:46)
at org.testng.internal.TestInvoker$MethodInvocationAgent.invoke(TestInvoker.java:824)
at org.testng.internal.TestInvoker.invokeTestMethods(TestInvoker.java:146)
at org.testng.internal.TestMethodWorker.invokeTestMethods(TestMethodWorker.java:146)
at org.testng.internal.TestMethodWorker.run(TestMethodWorker.java:128)
at java.base/java.util.ArrayList.forEach(ArrayList.java:1511)
at org.testng.TestRunner.privateRun(TestRunner.java:794)
at org.testng.TestRunner.run(TestRunner.java:596)
at org.testng.SuiteRunner.runTest(SuiteRunner.java:377)
at org.testng.SuiteRunner.runSequentially(SuiteRunner.java:371)
at org.testng.SuiteRunner.privateRun(SuiteRunner.java:332)
at org.testng.SuiteRunner.run(SuiteRunner.java:276)
at org.testng.SuiteRunnerWorker.runSuite(SuiteRunnerWorker.java:53)
at org.testng.SuiteRunnerWorker.run(SuiteRunnerWorker.java:96)
at org.testng.TestNG.runSuitesSequentially(TestNG.java:1212)
at org.testng.TestNG.runSuitesLocally(TestNG.java:1134)
at org.testng.TestNG.runSuites(TestNG.java:1063)
at org.testng.TestNG.run(TestNG.java:1031)
at org.testng.remote.AbstractRemoteTestNG.run(AbstractRemoteTestNG.java:115)
at org.testng.remote.RemoteTestNG.initAndRun(RemoteTestNG.java:251)
at org.testng.remote.RemoteTestNG.main(RemoteTestNG.java:77)
]]>
            </full-stacktrace>
          </exception> <!-- java.lang.AssertionError -->
          <reporter-output>
          </reporter-output>
        </test-method> <!-- tc_4567_EditAccountTest -->
        <test-method is-config="true" signature="logout()[pri:0, instance:ecomm_TestSuite.MyAccountTestSuite@2b91004a]" started-at="2024-04-28T11:37:48 IST" name="logout" finished-at="2024-04-28T11:37:51 IST" duration-ms="2850" status="PASS">
          <reporter-output>
          </reporter-output>
        </test-method> <!-- logout -->
        <test-method is-config="true" signature="login()[pri:0, instance:ecomm_TestSuite.MyAccountTestSuite@2b91004a]" started-at="2024-04-28T11:37:51 IST" name="login" finished-at="2024-04-28T11:37:56 IST" duration-ms="4670" status="PASS">
          <reporter-output>
          </reporter-output>
        </test-method> <!-- login -->
        <test-method signature="tc_4568_EditAddrTest()[pri:0, instance:ecomm_TestSuite.MyAccountTestSuite@2b91004a]" started-at="2024-04-28T11:37:56 IST" name="tc_4568_EditAddrTest" finished-at="2024-04-28T11:37:58 IST" duration-ms="2306" status="PASS">
          <reporter-output>
          </reporter-output>
        </test-method> <!-- tc_4568_EditAddrTest -->
        <test-method is-config="true" signature="logout()[pri:0, instance:ecomm_TestSuite.MyAccountTestSuite@2b91004a]" started-at="2024-04-28T11:37:58 IST" name="logout" finished-at="2024-04-28T11:38:01 IST" duration-ms="2813" status="PASS">
          <reporter-output>
          </reporter-output>
        </test-method> <!-- logout -->
        <test-method is-config="true" signature="tearDown()[pri:0, instance:ecomm_TestSuite.MyAccountTestSuite@2b91004a]" started-at="2024-04-28T11:38:01 IST" name="tearDown" finished-at="2024-04-28T11:38:01 IST" duration-ms="260" status="PASS">
          <reporter-output>
          </reporter-output>
        </test-method> <!-- tearDown -->
      </class> <!-- ecomm_TestSuite.MyAccountTestSuite -->
    </test> <!-- Default test -->
  </suite> <!-- Default suite -->
</testng-results>
