<?xml version="1.0" encoding="UTF-8"?>
<!-- Generated by org.testng.reporters.JUnitXMLReporter -->
<testsuite ignored="0" hostname="DESKTOP-KJC6B92" failures="1" tests="2" name="Test" time="20.46" errors="0" timestamp="2024-05-19T12:57:20 IST">
  <testcase classname="ecomm_Base.BaseTest" name="@AfterMethod logout" time="10.071">
    <failure type="org.openqa.selenium.NoSuchElementException" message="no such element: Unable to locate element: {&amp;quot;method&amp;quot;:&amp;quot;xpath&amp;quot;,&amp;quot;selector&amp;quot;:&amp;quot;//span[@class=&amp;apos;oxd-userdropdown-tab&amp;apos;]&amp;quot;}
  (Session info: MicrosoftEdge=124.0.2478.105)
For documentation on this error, please visit: https://www.selenium.dev/documentation/webdriver/troubleshooting/errors#no-such-element-exception
Build info: version: &amp;apos;4.19.1&amp;apos;, revision: &amp;apos;abe0ee07dc&amp;apos;
System info: os.name: &amp;apos;Windows 11&amp;apos;, os.arch: &amp;apos;amd64&amp;apos;, os.version: &amp;apos;10.0&amp;apos;, java.version: &amp;apos;17.0.10&amp;apos;
Driver info: org.openqa.selenium.edge.EdgeDriver
Command: [2f433aea34e54ebc9b80fe21348ca1f1, findElement {using=xpath, value=//span[@class=&amp;apos;oxd-userdropdown-tab&amp;apos;]}]
Capabilities {acceptInsecureCerts: false, browserName: MicrosoftEdge, browserVersion: 124.0.2478.105, fedcm:accounts: true, ms:edgeOptions: {debuggerAddress: localhost:54818}, msedge: {msedgedriverVersion: 124.0.2478.109 (86e86c0432b..., userDataDir: C:\Users\Lenovo\AppData\Loc...}, networkConnectionEnabled: false, pageLoadStrategy: normal, platformName: windows, proxy: Proxy(), se:cdp: ws://localhost:54818/devtoo..., se:cdpVersion: 124.0.2478.105, setWindowRect: true, strictFileInteractability: false, timeouts: {implicit: 0, pageLoad: 300000, script: 30000}, unhandledPromptBehavior: dismiss and notify, webauthn:extension:credBlob: true, webauthn:extension:largeBlob: true, webauthn:extension:minPinLength: true, webauthn:extension:prf: true, webauthn:virtualAuthenticators: true}
Session ID: 2f433aea34e54ebc9b80fe21348ca1f1">
      <![CDATA[org.openqa.selenium.NoSuchElementException: no such element: Unable to locate element: {"method":"xpath","selector":"//span[@class='oxd-userdropdown-tab']"}
  (Session info: MicrosoftEdge=124.0.2478.105)
For documentation on this error, please visit: https://www.selenium.dev/documentation/webdriver/troubleshooting/errors#no-such-element-exception
Build info: version: '4.19.1', revision: 'abe0ee07dc'
System info: os.name: 'Windows 11', os.arch: 'amd64', os.version: '10.0', java.version: '17.0.10'
Driver info: org.openqa.selenium.edge.EdgeDriver
Command: [2f433aea34e54ebc9b80fe21348ca1f1, findElement {using=xpath, value=//span[@class='oxd-userdropdown-tab']}]
Capabilities {acceptInsecureCerts: false, browserName: MicrosoftEdge, browserVersion: 124.0.2478.105, fedcm:accounts: true, ms:edgeOptions: {debuggerAddress: localhost:54818}, msedge: {msedgedriverVersion: 124.0.2478.109 (86e86c0432b..., userDataDir: C:\Users\Lenovo\AppData\Loc...}, networkConnectionEnabled: false, pageLoadStrategy: normal, platformName: windows, proxy: Proxy(), se:cdp: ws://localhost:54818/devtoo..., se:cdpVersion: 124.0.2478.105, setWindowRect: true, strictFileInteractability: false, timeouts: {implicit: 0, pageLoad: 300000, script: 30000}, unhandledPromptBehavior: dismiss and notify, webauthn:extension:credBlob: true, webauthn:extension:largeBlob: true, webauthn:extension:minPinLength: true, webauthn:extension:prf: true, webauthn:virtualAuthenticators: true}
Session ID: 2f433aea34e54ebc9b80fe21348ca1f1
at org.openqa.selenium.remote.ErrorCodec.decode(ErrorCodec.java:167)
at org.openqa.selenium.remote.codec.w3c.W3CHttpResponseCodec.decode(W3CHttpResponseCodec.java:138)
at org.openqa.selenium.remote.codec.w3c.W3CHttpResponseCodec.decode(W3CHttpResponseCodec.java:50)
at org.openqa.selenium.remote.HttpCommandExecutor.execute(HttpCommandExecutor.java:190)
at org.openqa.selenium.remote.service.DriverCommandExecutor.invokeExecute(DriverCommandExecutor.java:216)
at org.openqa.selenium.remote.service.DriverCommandExecutor.execute(DriverCommandExecutor.java:174)
at org.openqa.selenium.remote.RemoteWebDriver.execute(RemoteWebDriver.java:518)
at org.openqa.selenium.remote.ElementLocation$ElementFinder$2.findElement(ElementLocation.java:165)
at org.openqa.selenium.remote.ElementLocation.findElement(ElementLocation.java:59)
at org.openqa.selenium.remote.RemoteWebDriver.findElement(RemoteWebDriver.java:355)
at org.openqa.selenium.remote.RemoteWebDriver.findElement(RemoteWebDriver.java:349)
at org.openqa.selenium.support.pagefactory.DefaultElementLocator.findElement(DefaultElementLocator.java:68)
at org.openqa.selenium.support.pagefactory.internal.LocatingElementHandler.invoke(LocatingElementHandler.java:38)
at jdk.proxy2/jdk.proxy2.$Proxy16.click(Unknown Source)
at ecomm_pages.AccountLoginPage.performLogout(AccountLoginPage.java:98)
at ecomm_TestScripts.LoginTestAccountScripts.logoutTestScript(LoginTestAccountScripts.java:18)
at ecomm_Base.BaseTest.logout(BaseTest.java:81)
at java.base/java.util.ArrayList.forEach(ArrayList.java:1511)
... Removed 37 stack frames]]>
    </failure>
  </testcase> <!-- @AfterMethod logout -->
  <testcase classname="ecomm_Base.BaseTest" name="@BeforeMethod login" time="-1.716103640761E9">
    <skipped/>
  </testcase> <!-- @BeforeMethod login -->
  <testcase classname="ecomm_Base.BaseTest" name="@AfterMethod logout" time="-1.716103640775E9">
    <skipped/>
  </testcase> <!-- @AfterMethod logout -->
  <testcase classname="ecomm_TestSuite.ProfileIconTestSuite" name="tc_4568_EditPasswordTest" time="10.327">
    <failure type="java.lang.AssertionError" message="expected [true] but found [false]">
      <![CDATA[java.lang.AssertionError: expected [true] but found [false]
at ecomm_TestSuite.ProfileIconTestSuite.tc_4568_EditPasswordTest(ProfileIconTestSuite.java:14)
at java.base/java.util.ArrayList.forEach(ArrayList.java:1511)
... Removed 31 stack frames]]>
    </failure>
  </testcase> <!-- tc_4568_EditPasswordTest -->
  <testcase classname="ecomm_TestSuite.ProfileIconTestSuite" name="tc_4569_EditSupportClickTest" time="0.0">
    <skipped/>
  </testcase> <!-- tc_4569_EditSupportClickTest -->
</testsuite> <!-- Test -->
